<?xml version="1.0" encoding="UTF-8"?>
<!-- Generated by org.testng.reporters.JUnitReportReporter -->
<testsuite hostname="DESKTOP-KLM5IV9" failures="0" tests="2" name="testrunners.ParallelRun" time="69.282" errors="0" timestamp="20 Jul 2021 14:49:12 GMT" skipped="0">
  <testcase classname="testrunners.ParallelRun" name="runScenario" time="16.868"/>
  <testcase classname="testrunners.ParallelRun" name="runScenario" time="52.414"/>
</testsuite> <!-- testrunners.ParallelRun -->
